[11:53:34] [Client thread/INFO]: Setting user: Player293
[11:53:37] [Client thread/WARN]: Skipping bad option: lastServer:
[11:53:37] [Client thread/INFO]: LWJGL Version: 2.9.4
[11:53:38] [Client thread/INFO]: [STDOUT]: ---- Minecraft Crash Report ----
// Don't do that.

Time: 2/14/17 11:53 AM
Description: Loading screen debug info

This is just a prompt for computer specs to be printed. THIS IS NOT A ERROR


A detailed walkthrough of the error, its code path and all known details is as follows:
---------------------------------------------------------------------------------------

-- System Details --
Details:
	Minecraft Version: 1.11.2
	Operating System: Windows 10 (amd64) version 10.0
	Java Version: 1.8.0_101, Oracle Corporation
	Java VM Version: Java HotSpot(TM) 64-Bit Server VM (mixed mode), Oracle Corporation
	Memory: 918399920 bytes (875 MB) / 1037959168 bytes (989 MB) up to 1037959168 bytes (989 MB)
	JVM Flags: 3 total; -Xincgc -Xmx1024M -Xms1024M
	IntCache: cache: 0, tcache: 0, allocated: 0, tallocated: 0
	FML: 
	Loaded coremods (and transformers): 
	GL info: ' Vendor: 'NVIDIA Corporation' Version: '4.5.0 NVIDIA 378.49' Renderer: 'GeForce GTX 980 Ti/PCIe/SSE2'
[11:53:40] [Client thread/INFO]: Reloading ResourceManager: Default, FMLFileResourcePack:Forge Mod Loader, FMLFileResourcePack:Minecraft Forge, FMLFileResourcePack:Finer Edge Fundamentals
[11:53:44] [Sound Library Loader/INFO]: Starting up SoundSystem...
[11:53:44] [Thread-8/INFO]: Initializing LWJGL OpenAL
[11:53:44] [Thread-8/INFO]: (The LWJGL binding of OpenAL.  For more information, see http://www.lwjgl.org)
[11:53:44] [Thread-8/INFO]: OpenAL initialized.
[11:53:44] [Sound Library Loader/INFO]: Sound engine started
[11:53:46] [Client thread/INFO]: Created: 16x16 textures-atlas
[11:53:47] [Client thread/INFO]: Reloading ResourceManager: Default, FMLFileResourcePack:Forge Mod Loader, FMLFileResourcePack:Minecraft Forge, FMLFileResourcePack:Finer Edge Fundamentals
[11:53:48] [Client thread/INFO]: SoundSystem shutting down...
[11:53:48] [Client thread/WARN]: Author: Paul Lamb, www.paulscode.com
[11:53:48] [Sound Library Loader/INFO]: Starting up SoundSystem...
[11:53:48] [Thread-10/INFO]: Initializing LWJGL OpenAL
[11:53:48] [Thread-10/INFO]: (The LWJGL binding of OpenAL.  For more information, see http://www.lwjgl.org)
[11:53:48] [Thread-10/INFO]: OpenAL initialized.
[11:53:49] [Sound Library Loader/INFO]: Sound engine started
[11:53:50] [Client thread/INFO]: Created: 512x512 textures-atlas
[11:53:51] [Client thread/WARN]: Skipping bad option: lastServer:
[11:53:52] [Realms Notification Availability checker #1/INFO]: Could not authorize you against Realms server: Invalid session id
[11:53:57] [Server thread/INFO]: Starting integrated minecraft server version 1.11.2
[11:53:57] [Server thread/INFO]: Generating keypair
[11:53:57] [Server thread/INFO]: Preparing start region for level 0
[11:53:58] [Server thread/INFO]: Changing view distance to 21, from 10
[11:53:59] [Server thread/INFO]: Player293[local:E:959ce977] logged in with entity id 187 at (-225.7974175542503, 64.0, 386.966529944549)
[11:53:59] [Server thread/INFO]: Player293 joined the game
[11:53:59] [Server thread/INFO]: Saving and pausing game...
[11:54:00] [Server thread/INFO]: Saving chunks for level 'New World'/Overworld
[11:54:00] [Server thread/INFO]: Saving chunks for level 'New World'/Nether
[11:54:00] [Server thread/INFO]: Saving chunks for level 'New World'/The End
[11:54:00] [pool-2-thread-1/WARN]: Couldn't look up profile properties for com.mojang.authlib.GameProfile@626f044b[id=738c48db-b050-3c6f-9053-5a4abfe0d0a6,name=Player293,properties={},legacy=false]
com.mojang.authlib.exceptions.AuthenticationException: The client has sent too many requests within a certain amount of time
	at com.mojang.authlib.yggdrasil.YggdrasilAuthenticationService.makeRequest(YggdrasilAuthenticationService.java:79) ~[YggdrasilAuthenticationService.class:?]
	at com.mojang.authlib.yggdrasil.YggdrasilMinecraftSessionService.fillGameProfile(YggdrasilMinecraftSessionService.java:180) [YggdrasilMinecraftSessionService.class:?]
	at com.mojang.authlib.yggdrasil.YggdrasilMinecraftSessionService$1.load(YggdrasilMinecraftSessionService.java:60) [YggdrasilMinecraftSessionService$1.class:?]
	at com.mojang.authlib.yggdrasil.YggdrasilMinecraftSessionService$1.load(YggdrasilMinecraftSessionService.java:57) [YggdrasilMinecraftSessionService$1.class:?]
	at com.google.common.cache.LocalCache$LoadingValueReference.loadFuture(LocalCache.java:3524) [guava-17.0.jar:?]
	at com.google.common.cache.LocalCache$Segment.loadSync(LocalCache.java:2317) [guava-17.0.jar:?]
	at com.google.common.cache.LocalCache$Segment.lockedGetOrLoad(LocalCache.java:2280) [guava-17.0.jar:?]
	at com.google.common.cache.LocalCache$Segment.get(LocalCache.java:2195) [guava-17.0.jar:?]
	at com.google.common.cache.LocalCache.get(LocalCache.java:3934) [guava-17.0.jar:?]
	at com.google.common.cache.LocalCache.getOrLoad(LocalCache.java:3938) [guava-17.0.jar:?]
	at com.google.common.cache.LocalCache$LocalLoadingCache.get(LocalCache.java:4821) [guava-17.0.jar:?]
	at com.google.common.cache.LocalCache$LocalLoadingCache.getUnchecked(LocalCache.java:4827) [guava-17.0.jar:?]
	at com.mojang.authlib.yggdrasil.YggdrasilMinecraftSessionService.fillProfileProperties(YggdrasilMinecraftSessionService.java:170) [YggdrasilMinecraftSessionService.class:?]
	at net.minecraft.client.Minecraft.getProfileProperties(Minecraft.java:3056) [Minecraft.class:?]
	at net.minecraft.client.resources.SkinManager$3.run(SkinManager.java:138) [SkinManager$3.class:?]
	at java.util.concurrent.Executors$RunnableAdapter.call(Unknown Source) [?:1.8.0_101]
	at java.util.concurrent.FutureTask.run(Unknown Source) [?:1.8.0_101]
	at java.util.concurrent.ThreadPoolExecutor.runWorker(Unknown Source) [?:1.8.0_101]
	at java.util.concurrent.ThreadPoolExecutor$Worker.run(Unknown Source) [?:1.8.0_101]
	at java.lang.Thread.run(Unknown Source) [?:1.8.0_101]
[11:54:02] [Server thread/INFO]: Saving and pausing game...
[11:54:02] [Server thread/INFO]: Saving chunks for level 'New World'/Overworld
[11:54:02] [Server thread/INFO]: Saving chunks for level 'New World'/Nether
[11:54:02] [Server thread/INFO]: Saving chunks for level 'New World'/The End
[11:54:19] [Server thread/INFO]: Stopping server
[11:54:19] [Server thread/INFO]: Saving players
[11:54:19] [Server thread/INFO]: Player293 lost connection: TextComponent{text='Disconnected', siblings=[], style=Style{hasParent=false, color=null, bold=null, italic=null, underlined=null, obfuscated=null, clickEvent=null, hoverEvent=null, insertion=null}}
[11:54:19] [Server thread/INFO]: Player293 left the game
[11:54:19] [Server thread/INFO]: Stopping singleplayer server as player logged out
[11:54:19] [Server thread/INFO]: Saving worlds
[11:54:19] [Server thread/INFO]: Saving chunks for level 'New World'/Overworld
[11:54:19] [Server thread/INFO]: Saving chunks for level 'New World'/Nether
[11:54:19] [Server thread/INFO]: Saving chunks for level 'New World'/The End
[11:54:20] [Client thread/INFO]: Stopping!
[11:54:20] [Client thread/INFO]: SoundSystem shutting down...
[11:54:20] [Client thread/WARN]: Author: Paul Lamb, www.paulscode.com
